<?xml version="1.0" encoding="UTF-8"?>
<testng-results skipped="0" failed="0" total="1" passed="1">
  <reporter-output>
  </reporter-output>
  <suite name="Default suite" duration-ms="46733" started-at="2020-04-11T13:37:01Z" finished-at="2020-04-11T13:37:48Z">
    <groups>
    </groups>
    <test name="Default test" duration-ms="46733" started-at="2020-04-11T13:37:01Z" finished-at="2020-04-11T13:37:48Z">
      <class name="com.actitime.test.CreateCustomer">
        <test-method status="PASS" signature="openBrowser()[pri:0, instance:com.actitime.test.CreateCustomer@7cdbc5d3]" name="openBrowser" is-config="true" duration-ms="5647" started-at="2020-04-11T19:07:01Z" finished-at="2020-04-11T19:07:07Z">
          <reporter-output>
          </reporter-output>
        </test-method> <!-- openBrowser -->
        <test-method status="PASS" signature="login()[pri:0, instance:com.actitime.test.CreateCustomer@7cdbc5d3]" name="login" is-config="true" duration-ms="11627" started-at="2020-04-11T19:07:07Z" finished-at="2020-04-11T19:07:18Z">
          <reporter-output>
          </reporter-output>
        </test-method> <!-- login -->
        <test-method status="PASS" signature="testCreateCustomer()[pri:0, instance:com.actitime.test.CreateCustomer@7cdbc5d3]" name="testCreateCustomer" duration-ms="20979" started-at="2020-04-11T19:07:18Z" finished-at="2020-04-11T19:07:39Z">
          <reporter-output>
          </reporter-output>
        </test-method> <!-- testCreateCustomer -->
        <test-method status="PASS" signature="logout()[pri:0, instance:com.actitime.test.CreateCustomer@7cdbc5d3]" name="logout" is-config="true" duration-ms="6144" started-at="2020-04-11T19:07:39Z" finished-at="2020-04-11T19:07:45Z">
          <reporter-output>
          </reporter-output>
        </test-method> <!-- logout -->
        <test-method status="PASS" signature="closeBrowser()[pri:0, instance:com.actitime.test.CreateCustomer@7cdbc5d3]" name="closeBrowser" is-config="true" duration-ms="2307" started-at="2020-04-11T19:07:45Z" finished-at="2020-04-11T19:07:48Z">
          <reporter-output>
          </reporter-output>
        </test-method> <!-- closeBrowser -->
      </class> <!-- com.actitime.test.CreateCustomer -->
    </test> <!-- Default test -->
  </suite> <!-- Default suite -->
</testng-results>
